2025-03-17 16:18:47,539 - INFO - WebDriver initialized successfully
2025-03-17 16:18:47,640 - INFO - Navigated to file:///Users/mira/Documents/FTS_Code/mshal_ForgotPassword/mshal_ForgotPassword.html
2025-03-17 16:19:55,747 - WARNING - Retrying (Retry(total=2, connect=None, read=None, redirect=None, status=None)) after connection broken by 'ConnectionResetError(54, 'Connection reset by peer')': /session/a8123f89b3b7a82cd690f46141ed1981
2025-03-17 16:19:55,750 - WARNING - Retrying (Retry(total=1, connect=None, read=None, redirect=None, status=None)) after connection broken by 'NewConnectionError('<urllib3.connection.HTTPConnection object at 0x1039c0ee0>: Failed to establish a new connection: [Errno 61] Connection refused')': /session/a8123f89b3b7a82cd690f46141ed1981
2025-03-17 16:19:55,751 - WARNING - Retrying (Retry(total=0, connect=None, read=None, redirect=None, status=None)) after connection broken by 'NewConnectionError('<urllib3.connection.HTTPConnection object at 0x1039f1100>: Failed to establish a new connection: [Errno 61] Connection refused')': /session/a8123f89b3b7a82cd690f46141ed1981
2025-03-17 16:19:55,760 - INFO - WebDriver closed
2025-03-17 16:20:32,824 - INFO - WebDriver initialized successfully
2025-03-17 16:20:32,927 - INFO - Navigated to file:///Users/mira/Documents/FTS_Code/mshal_ForgotPassword/mshal_ForgotPassword.html
2025-03-17 16:20:50,748 - WARNING - Retrying (Retry(total=2, connect=None, read=None, redirect=None, status=None)) after connection broken by 'ConnectionResetError(54, 'Connection reset by peer')': /session/d7ca8fc934703823685f2193a6d70b61
2025-03-17 16:20:50,750 - WARNING - Retrying (Retry(total=1, connect=None, read=None, redirect=None, status=None)) after connection broken by 'NewConnectionError('<urllib3.connection.HTTPConnection object at 0x101653ee0>: Failed to establish a new connection: [Errno 61] Connection refused')': /session/d7ca8fc934703823685f2193a6d70b61
2025-03-17 16:20:50,751 - WARNING - Retrying (Retry(total=0, connect=None, read=None, redirect=None, status=None)) after connection broken by 'NewConnectionError('<urllib3.connection.HTTPConnection object at 0x101685130>: Failed to establish a new connection: [Errno 61] Connection refused')': /session/d7ca8fc934703823685f2193a6d70b61
2025-03-17 16:20:50,756 - INFO - WebDriver closed
2025-03-17 16:21:47,490 - INFO - WebDriver initialized successfully
2025-03-17 16:21:47,592 - INFO - Navigated to file:///Users/mira/Documents/FTS_Code/mshal_ForgotPassword/mshal_ForgotPassword.html
2025-03-17 16:22:03,330 - WARNING - Retrying (Retry(total=2, connect=None, read=None, redirect=None, status=None)) after connection broken by 'NewConnectionError('<urllib3.connection.HTTPConnection object at 0x1012e3af0>: Failed to establish a new connection: [Errno 61] Connection refused')': /session/29dd914740f7b6b55f2b3cf65d92b5ec
2025-03-17 16:22:03,332 - WARNING - Retrying (Retry(total=1, connect=None, read=None, redirect=None, status=None)) after connection broken by 'NewConnectionError('<urllib3.connection.HTTPConnection object at 0x1012e3e50>: Failed to establish a new connection: [Errno 61] Connection refused')': /session/29dd914740f7b6b55f2b3cf65d92b5ec
2025-03-17 16:22:03,333 - WARNING - Retrying (Retry(total=0, connect=None, read=None, redirect=None, status=None)) after connection broken by 'NewConnectionError('<urllib3.connection.HTTPConnection object at 0x1013150d0>: Failed to establish a new connection: [Errno 61] Connection refused')': /session/29dd914740f7b6b55f2b3cf65d92b5ec
2025-03-17 16:22:03,340 - INFO - WebDriver closed
2025-03-17 16:22:36,106 - INFO - WebDriver initialized successfully
2025-03-17 16:22:36,208 - INFO - Navigated to file:///Users/mira/Documents/FTS_Code/mshal_ForgotPassword/mshal_ForgotPassword.html
2025-03-17 16:23:01,346 - WARNING - Retrying (Retry(total=2, connect=None, read=None, redirect=None, status=None)) after connection broken by 'ConnectionResetError(54, 'Connection reset by peer')': /session/b00bbe5d398a57b0cbfdc6ea76fc8a22
2025-03-17 16:23:01,348 - WARNING - Retrying (Retry(total=1, connect=None, read=None, redirect=None, status=None)) after connection broken by 'NewConnectionError('<urllib3.connection.HTTPConnection object at 0x103c78ee0>: Failed to establish a new connection: [Errno 61] Connection refused')': /session/b00bbe5d398a57b0cbfdc6ea76fc8a22
2025-03-17 16:23:01,356 - WARNING - Retrying (Retry(total=0, connect=None, read=None, redirect=None, status=None)) after connection broken by 'NewConnectionError('<urllib3.connection.HTTPConnection object at 0x103ca9100>: Failed to establish a new connection: [Errno 61] Connection refused')': /session/b00bbe5d398a57b0cbfdc6ea76fc8a22
2025-03-17 16:23:01,365 - INFO - WebDriver closed
2025-03-17 16:24:01,021 - INFO - WebDriver initialized successfully
2025-03-17 16:24:01,120 - INFO - Navigated to file:///Users/mira/Documents/FTS_Code/mshal_ForgotPassword/mshal_ForgotPassword.html
2025-03-17 16:24:47,049 - WARNING - Retrying (Retry(total=2, connect=None, read=None, redirect=None, status=None)) after connection broken by 'NewConnectionError('<urllib3.connection.HTTPConnection object at 0x105befaf0>: Failed to establish a new connection: [Errno 61] Connection refused')': /session/32509f11b338a8836ef6430da9af701b
2025-03-17 16:24:47,051 - WARNING - Retrying (Retry(total=1, connect=None, read=None, redirect=None, status=None)) after connection broken by 'NewConnectionError('<urllib3.connection.HTTPConnection object at 0x105befe50>: Failed to establish a new connection: [Errno 61] Connection refused')': /session/32509f11b338a8836ef6430da9af701b
2025-03-17 16:24:47,053 - WARNING - Retrying (Retry(total=0, connect=None, read=None, redirect=None, status=None)) after connection broken by 'NewConnectionError('<urllib3.connection.HTTPConnection object at 0x105c220d0>: Failed to establish a new connection: [Errno 61] Connection refused')': /session/32509f11b338a8836ef6430da9af701b
2025-03-17 16:24:47,060 - INFO - WebDriver closed
